#
# A fatal error has been detected by the Java Runtime Environment:
#
#  SIGSEGV (0xb) at pc=0x0000000107702378, pid=1726, tid=20231
#
# JRE version: Java(TM) SE Runtime Environment (8.0_31-b13) (build 1.8.0_31-b13)
# Java VM: Java HotSpot(TM) 64-Bit Server VM (25.31-b07 mixed mode bsd-amd64 compressed oops)
# Problematic frame:
# V  [libjvm.dylib+0x502378]  SymbolTable::lookup(int, char const*, int, unsigned int)+0x40
#
# Failed to write core dump. Core dumps have been disabled. To enable core dumping, try "ulimit -c unlimited" before starting Java again
#
# If you would like to submit a bug report, please visit:
#   http://bugreport.java.com/bugreport/crash.jsp
#

---------------  T H R E A D  ---------------

Current thread (0x00007ffeb505a800):  JavaThread "Daemon worker Thread 2" [_thread_in_vm, id=20231, stack(0x000000011f886000,0x000000011f986000)]

siginfo: si_signo: 11 (SIGSEGV), si_code: 0 (unknown), si_addr: 0x0000000000000000

Registers:
RAX=0x0000000106992000, RBX=0x636170612f67726e, RCX=0x000000000000000d, RDX=0x00007ffeb505ea54
RSP=0x000000011f982950, RBP=0x000000011f982990, RSI=0x00000000000043da, RDI=0x00007ffeb1e0d9a0
R8 =0x000000003c05c460, R9 =0x00000000ffff0000, R10=0x000000002637be10, R11=0x00007ffeb4100000
R12=0x00007ffeb505ea54, R13=0x000000000000000d, R14=0x0000000000000002, R15=0x000000000000000d
RIP=0x0000000107702378, EFLAGS=0x0000000000010202, ERR=0x0000000000000000
  TRAPNO=0x000000000000000d

Top of Stack: (sp=0x000000011f982950)
0x000000011f982950:   0000000000001002 00007ffeb1e0d9a0
0x000000011f982960:   3c05c4601f982990 000000011f983018
0x000000011f982970:   000000000000000d 000000000000000d
0x000000011f982980:   00007ffeb505ea54 00007ffeb505a800
0x000000011f982990:   000000011f982af0 00000001073762ed
0x000000011f9829a0:   000000011f9829c0 0000000000000000
0x000000011f9829b0:   0000000121e34428 000000011f9831a0
0x000000011f9829c0:   0000000300000173 3c05c46000000094
0x000000011f9829d0:   edbfa1c5fa46bbe0 00007fffee1fa12f
0x000000011f9829e0:   000000010685e000 0000000000000078
0x000000011f9829f0:   000000150000000b 0000000000000026
0x000000011f982a00:   00007ffeb41edc80 000000011f982a30
0x000000011f982a10:   0000002800000029 0000000000000034
0x000000011f982a20:   000000011f982a70 0000000107657e2c
0x000000011f982a30:   00007ffeb505e0c3 00007ffeb505e162
0x000000011f982a40:   00007ffeb505e2d1 0000000000000078
0x000000011f982a50:   0000000121e34428 00007ffeb1c3b408
0x000000011f982a60:   000000011f982a90 00007fff88a97288
0x000000011f982a70:   00007ffeb505e000 00007ffeb50600ac
0x000000011f982a80:   00007ffeb505ea61 000000011f983300
0x000000011f982a90:   000000011f982a01 00000001073d8b23
0x000000011f982aa0:   0000000121e34428 0000000121e345a8
0x000000011f982ab0:   0000000000000173 00007ffeb4515990
0x000000011f982ac0:   000000011f982af0 000000011f983018
0x000000011f982ad0:   00007ffeb4515990 00007ffeb1c3b408
0x000000011f982ae0:   00007ffeb505a800 000000011f983018
0x000000011f982af0:   000000011f982c90 000000010737fc11
0x000000011f982b00:   000000011f9831a0 000000011f982ec0
0x000000011f982b10:   0000017380000148 0000000000000000
0x000000011f982b20:   0000000121e345a8 00007ffeb505a800
0x000000011f982b30:   000000011f982ba8 000000010822998d
0x000000011f982b40:   000000011f982ba8 0000000108229710 

Instructions: (pc=0x0000000107702378)
0x0000000107702358:   89 45 d4 41 89 cf 49 89 d4 48 89 7d c8 eb 37 4c
0x0000000107702368:   89 ef e8 cb eb ff ff 4c 89 e8 eb 40 44 8b 45 d4
0x0000000107702378:   44 39 03 75 16 4c 8b 6b 10 4c 89 ef 4c 89 e6 44
0x0000000107702388:   89 fa e8 6f ea ff ff 84 c0 75 d4 41 ff c6 48 8b 

Register to memory mapping:

RAX=0x0000000106992000 is an unknown value
RBX=0x636170612f67726e is an unknown value
RCX=0x000000000000000d is an unknown value
RDX=0x00007ffeb505ea54 is an unknown value
RSP=0x000000011f982950 is pointing into the stack for thread: 0x00007ffeb505a800
RBP=0x000000011f982990 is pointing into the stack for thread: 0x00007ffeb505a800
RSI=0x00000000000043da is an unknown value
RDI=0x00007ffeb1e0d9a0 is an unknown value
R8 =0x000000003c05c460 is an unknown value
R9 =0x00000000ffff0000 is an unknown value
R10=0x000000002637be10 is an unknown value
R11=0x00007ffeb4100000 is an unknown value
R12=0x00007ffeb505ea54 is an unknown value
R13=0x000000000000000d is an unknown value
R14=0x0000000000000002 is an unknown value
R15=0x000000000000000d is an unknown value


Stack: [0x000000011f886000,0x000000011f986000],  sp=0x000000011f982950,  free space=1010k
Native frames: (J=compiled Java code, j=interpreted, Vv=VM code, C=native code)
V  [libjvm.dylib+0x502378]  SymbolTable::lookup(int, char const*, int, unsigned int)+0x40
V  [libjvm.dylib+0x1762ed]  ClassFileParser::parse_constant_pool_entries(int, Thread*)+0x7f1
V  [libjvm.dylib+0x17fc11]  ClassFileParser::parse_constant_pool(Thread*)+0x129
V  [libjvm.dylib+0x180eee]  ClassFileParser::parseClassFile(Symbol*, ClassLoaderData*, Handle, KlassHandle, GrowableArray<Handle>*, TempNewSymbol&, bool, Thread*)+0x57e
V  [libjvm.dylib+0x5088b5]  SystemDictionary::resolve_from_stream(Symbol*, Handle, Handle, ClassFileStream*, bool, Thread*)+0xff
V  [libjvm.dylib+0x32c9ce]  jvm_define_class_common(JNIEnv_*, char const*, _jobject*, signed char const*, int, _jobject*, char const*, unsigned char, Thread*)+0x23a
V  [libjvm.dylib+0x32cb62]  JVM_DefineClassWithSource+0x77
C  [libjava.dylib+0x21e6]  Java_java_lang_ClassLoader_defineClass1+0x199
J 719  java.lang.ClassLoader.defineClass1(Ljava/lang/String;[BIILjava/security/ProtectionDomain;Ljava/lang/String;)Ljava/lang/Class; (0 bytes) @ 0x000000010851184b [0x0000000108511740+0x10b]
J 5981 C1 java.lang.ClassLoader.defineClass(Ljava/lang/String;[BIILjava/security/ProtectionDomain;)Ljava/lang/Class; (43 bytes) @ 0x00000001092ace2c [0x00000001092acd00+0x12c]

Java frames: (J=compiled Java code, j=interpreted, Vv=VM code)
J 719  java.lang.ClassLoader.defineClass1(Ljava/lang/String;[BIILjava/security/ProtectionDomain;Ljava/lang/String;)Ljava/lang/Class; (0 bytes) @ 0x00000001085117d1 [0x0000000108511740+0x91]
J 5981 C1 java.lang.ClassLoader.defineClass(Ljava/lang/String;[BIILjava/security/ProtectionDomain;)Ljava/lang/Class; (43 bytes) @ 0x00000001092ace2c [0x00000001092acd00+0x12c]
J 4150 C1 java.security.SecureClassLoader.defineClass(Ljava/lang/String;[BIILjava/security/CodeSource;)Ljava/lang/Class; (16 bytes) @ 0x0000000108ef726c [0x0000000108ef71c0+0xac]
J 5038 C2 java.net.URLClassLoader$1.run()Ljava/lang/Object; (5 bytes) @ 0x000000010921825c [0x0000000109214720+0x3b3c]
v  ~StubRoutines::call_stub
J 300  java.security.AccessController.doPrivileged(Ljava/security/PrivilegedExceptionAction;Ljava/security/AccessControlContext;)Ljava/lang/Object; (0 bytes) @ 0x00000001083d0c23 [0x00000001083d0bc0+0x63]
J 1222 C2 java.net.URLClassLoader.findClass(Ljava/lang/String;)Ljava/lang/Class; (29 bytes) @ 0x0000000108638864 [0x00000001086387c0+0xa4]
J 1082 C2 java.lang.ClassLoader.loadClass(Ljava/lang/String;Z)Ljava/lang/Class; (122 bytes) @ 0x00000001085e92e8 [0x00000001085e8fa0+0x348]
J 4464 C2 java.lang.ClassLoader.loadClass(Ljava/lang/String;)Ljava/lang/Class; (7 bytes) @ 0x0000000108991720 [0x00000001089916e0+0x40]
j  org.gradle.groovy.scripts.internal.DefaultScriptCompilationHandler.loadFromDir(Lorg/gradle/groovy/scripts/ScriptSource;Ljava/lang/ClassLoader;Ljava/io/File;Ljava/lang/Class;)Ljava/lang/Class;+66
j  org.gradle.groovy.scripts.internal.FileCacheBackedScriptClassCompiler.compile(Lorg/gradle/groovy/scripts/ScriptSource;Ljava/lang/ClassLoader;Lorg/gradle/groovy/scripts/Transformer;Ljava/lang/Class;Lorg/codehaus/groovy/classgen/Verifier;)Ljava/lang/Class;+219
j  org.gradle.groovy.scripts.internal.ShortCircuitEmptyScriptCompiler.compile(Lorg/gradle/groovy/scripts/ScriptSource;Ljava/lang/ClassLoader;Lorg/gradle/groovy/scripts/Transformer;Ljava/lang/Class;Lorg/codehaus/groovy/classgen/Verifier;)Ljava/lang/Class;+42
j  org.gradle.groovy.scripts.internal.CachingScriptClassCompiler.compile(Lorg/gradle/groovy/scripts/ScriptSource;Ljava/lang/ClassLoader;Lorg/gradle/groovy/scripts/Transformer;Ljava/lang/Class;Lorg/codehaus/groovy/classgen/Verifier;)Ljava/lang/Class;+71
j  org.gradle.groovy.scripts.DefaultScriptCompilerFactory$ScriptCompilerImpl.compile(Ljava/lang/Class;)Lorg/gradle/groovy/scripts/ScriptRunner;+24
j  org.gradle.configuration.DefaultScriptPluginFactory$ScriptPluginImpl.apply(Ljava/lang/Object;)V+423
j  org.gradle.configuration.DefaultInitScriptProcessor.process(Lorg/gradle/groovy/scripts/ScriptSource;Lorg/gradle/api/internal/GradleInternal;)V+55
j  org.gradle.initialization.InitScriptHandler.executeScripts(Lorg/gradle/api/internal/GradleInternal;)V+49
j  org.gradle.initialization.DefaultGradleLauncher.doBuildStages(Lorg/gradle/initialization/DefaultGradleLauncher$Stage;)V+8
j  org.gradle.initialization.DefaultGradleLauncher.doBuild(Lorg/gradle/initialization/DefaultGradleLauncher$Stage;)Lorg/gradle/BuildResult;+27
j  org.gradle.initialization.DefaultGradleLauncher.run()Lorg/gradle/BuildResult;+4
j  org.gradle.launcher.exec.InProcessBuildActionExecuter$DefaultBuildController.run()Lorg/gradle/api/internal/GradleInternal;+5
j  org.gradle.tooling.internal.provider.BuildModelAction.run(Lorg/gradle/initialization/BuildController;)Lorg/gradle/tooling/internal/provider/BuildActionResult;+15
j  org.gradle.tooling.internal.provider.BuildModelAction.run(Lorg/gradle/initialization/BuildController;)Ljava/lang/Object;+2
j  org.gradle.tooling.internal.provider.ConfiguringBuildAction.run(Lorg/gradle/initialization/BuildController;)Ljava/lang/Object;+15
j  org.gradle.launcher.exec.InProcessBuildActionExecuter.execute(Lorg/gradle/initialization/BuildAction;Lorg/gradle/initialization/BuildCancellationToken;Lorg/gradle/launcher/exec/BuildActionParameters;)Ljava/lang/Object;+19
j  org.gradle.launcher.exec.InProcessBuildActionExecuter.execute(Lorg/gradle/initialization/BuildAction;Lorg/gradle/initialization/BuildCancellationToken;Ljava/lang/Object;)Ljava/lang/Object;+7
j  org.gradle.launcher.daemon.server.exec.ExecuteBuild.doBuild(Lorg/gradle/launcher/daemon/server/exec/DaemonCommandExecution;Lorg/gradle/launcher/daemon/protocol/Build;)V+47
j  org.gradle.launcher.daemon.server.exec.BuildCommandOnly.execute(Lorg/gradle/launcher/daemon/server/exec/DaemonCommandExecution;)V+49
j  org.gradle.launcher.daemon.server.exec.DaemonCommandExecution.proceed()Z+28
j  org.gradle.launcher.daemon.server.exec.WatchForDisconnection.execute(Lorg/gradle/launcher/daemon/server/exec/DaemonCommandExecution;)V+19
j  org.gradle.launcher.daemon.server.exec.DaemonCommandExecution.proceed()Z+28
j  org.gradle.launcher.daemon.server.exec.ResetDeprecationLogger.execute(Lorg/gradle/launcher/daemon/server/exec/DaemonCommandExecution;)V+4
j  org.gradle.launcher.daemon.server.exec.DaemonCommandExecution.proceed()Z+28
j  org.gradle.launcher.daemon.server.exec.StartStopIfBuildAndStop.execute(Lorg/gradle/launcher/daemon/server/exec/DaemonCommandExecution;)V+34
j  org.gradle.launcher.daemon.server.exec.DaemonCommandExecution.proceed()Z+28
j  org.gradle.launcher.daemon.server.exec.ForwardClientInput$2.call()Ljava/lang/Void;+4
j  org.gradle.launcher.daemon.server.exec.ForwardClientInput$2.call()Ljava/lang/Object;+1
j  org.gradle.util.Swapper.swap(Ljava/lang/Object;Ljava/util/concurrent/Callable;)Ljava/lang/Object;+21
j  org.gradle.launcher.daemon.server.exec.ForwardClientInput.execute(Lorg/gradle/launcher/daemon/server/exec/DaemonCommandExecution;)V+63
j  org.gradle.launcher.daemon.server.exec.DaemonCommandExecution.proceed()Z+28
j  org.gradle.launcher.daemon.server.exec.LogToClient.doBuild(Lorg/gradle/launcher/daemon/server/exec/DaemonCommandExecution;Lorg/gradle/launcher/daemon/protocol/Build;)V+92
j  org.gradle.launcher.daemon.server.exec.BuildCommandOnly.execute(Lorg/gradle/launcher/daemon/server/exec/DaemonCommandExecution;)V+49
j  org.gradle.launcher.daemon.server.exec.DaemonCommandExecution.proceed()Z+28
j  org.gradle.launcher.daemon.server.exec.EstablishBuildEnvironment.doBuild(Lorg/gradle/launcher/daemon/server/exec/DaemonCommandExecution;Lorg/gradle/launcher/daemon/protocol/Build;)V+237
j  org.gradle.launcher.daemon.server.exec.BuildCommandOnly.execute(Lorg/gradle/launcher/daemon/server/exec/DaemonCommandExecution;)V+49
j  org.gradle.launcher.daemon.server.exec.DaemonCommandExecution.proceed()Z+28
j  org.gradle.launcher.daemon.server.exec.DaemonHygieneAction.execute(Lorg/gradle/launcher/daemon/server/exec/DaemonCommandExecution;)V+1
j  org.gradle.launcher.daemon.server.exec.DaemonCommandExecution.proceed()Z+28
j  org.gradle.launcher.daemon.server.exec.StartBuildOrRespondWithBusy$1.run()V+44
j  org.gradle.launcher.daemon.server.DaemonStateCoordinator$1.run()V+4
j  org.gradle.internal.concurrent.DefaultExecutorFactory$StoppableExecutorImpl$1.run()V+18
j  java.util.concurrent.ThreadPoolExecutor.runWorker(Ljava/util/concurrent/ThreadPoolExecutor$Worker;)V+95
j  java.util.concurrent.ThreadPoolExecutor$Worker.run()V+5
j  java.lang.Thread.run()V+11
v  ~StubRoutines::call_stub

---------------  P R O C E S S  ---------------

Java Threads: ( => current thread )
  0x00007ffeb5c7f800 JavaThread "Stdin handler" [_thread_blocked, id=20743, stack(0x000000011fc58000,0x000000011fd58000)]
=>0x00007ffeb505a800 JavaThread "Daemon worker Thread 2" [_thread_in_vm, id=20231, stack(0x000000011f886000,0x000000011f986000)]
  0x00007ffeb619e800 JavaThread "Cancel handler" [_thread_blocked, id=22279, stack(0x000000011e971000,0x000000011ea71000)]
  0x00007ffeb513c800 JavaThread "Handler for socket connection from /127.0.0.1:56133 to /127.0.0.1:60648" [_thread_in_native, id=21255, stack(0x000000011e86e000,0x000000011e96e000)]
  0x00007ffeb53e1000 JavaThread "Daemon Thread 2" [_thread_blocked, id=19719, stack(0x000000011e468000,0x000000011e568000)]
  0x00007ffeb3e9d000 JavaThread "File lock request listener" [_thread_in_native, id=22787, stack(0x000000011f29a000,0x000000011f39a000)]
  0x00007ffeb2ad3000 JavaThread "Incoming local TCP Connector on port 56133" [_thread_in_native, id=19203, stack(0x000000011e365000,0x000000011e465000)]
  0x00007ffeb2862800 JavaThread "Service Thread" daemon [_thread_blocked, id=18179, stack(0x000000011d9d8000,0x000000011dad8000)]
  0x00007ffeb3830000 JavaThread "C1 CompilerThread2" daemon [_thread_blocked, id=17667, stack(0x000000011d8d5000,0x000000011d9d5000)]
  0x00007ffeb200c000 JavaThread "C2 CompilerThread1" daemon [_thread_in_native, id=17155, stack(0x000000011d7d2000,0x000000011d8d2000)]
  0x00007ffeb2855000 JavaThread "C2 CompilerThread0" daemon [_thread_blocked, id=16643, stack(0x000000011d6cf000,0x000000011d7cf000)]
  0x00007ffeb2853800 JavaThread "Signal Dispatcher" daemon [_thread_blocked, id=13331, stack(0x000000011d5cc000,0x000000011d6cc000)]
  0x00007ffeb380b800 JavaThread "Finalizer" daemon [_thread_blocked, id=11523, stack(0x000000011bbb0000,0x000000011bcb0000)]
  0x00007ffeb380a800 JavaThread "Reference Handler" daemon [_thread_blocked, id=11011, stack(0x000000011baad000,0x000000011bbad000)]
  0x00007ffeb2802800 JavaThread "main" [_thread_blocked, id=4867, stack(0x0000000108120000,0x0000000108220000)]

Other Threads:
  0x00007ffeb3800000 VMThread [stack: 0x000000011b9aa000,0x000000011baaa000] [id=10499]
  0x00007ffeb3812000 WatcherThread [stack: 0x000000011dadb000,0x000000011dbdb000] [id=18691]

VM state:not at safepoint (normal execution)

VM Mutex/Monitor currently owned by a thread: None

Heap:
 PSYoungGen      total 158720K, used 14563K [0x00000007aab00000, 0x00000007b5f80000, 0x00000007c0000000)
  eden space 137728K, 10% used [0x00000007aab00000,0x00000007ab938d80,0x00000007b3180000)
  from space 20992K, 0% used [0x00000007b3180000,0x00000007b3180000,0x00000007b4600000)
  to   space 22528K, 0% used [0x00000007b4980000,0x00000007b4980000,0x00000007b5f80000)
 ParOldGen       total 76800K, used 44341K [0x0000000780000000, 0x0000000784b00000, 0x00000007aab00000)
  object space 76800K, 57% used [0x0000000780000000,0x0000000782b4d568,0x0000000784b00000)
 Metaspace       used 46719K, capacity 48208K, committed 48512K, reserved 1091584K
  class space    used 6420K, capacity 7012K, committed 7040K, reserved 1048576K

Card table byte_map: [0x00000001175e2000,0x00000001177e3000] byte_map_base: 0x00000001139e2000

Marking Bits: (ParMarkBitMap*) 0x0000000107a9e410
 Begin Bits: [0x0000000117d45000, 0x0000000118d45000)
 End Bits:   [0x0000000118d45000, 0x0000000119d45000)

Polling page: 0x000000010696b000

CodeCache: size=245760Kb used=16820Kb max_used=17117Kb free=228939Kb
 bounds [0x0000000108222000, 0x0000000109312000, 0x0000000117222000]
 total_blobs=6140 nmethods=5454 adapters=599
 compilation: enabled

Compilation events (10 events):
Event: 1636.824 Thread 0x00007ffeb2855000 6176       4       java.lang.Class::getInterfaces (41 bytes)
Event: 1636.836 Thread 0x00007ffeb2855000 nmethod 6176 0x000000010835c0d0 code [0x000000010835c280, 0x000000010835c948]
Event: 1636.837 Thread 0x00007ffeb2855000 6150       4       java.util.LinkedList$ListItr::<init> (47 bytes)
Event: 1636.841 Thread 0x00007ffeb2855000 nmethod 6150 0x0000000108a9be50 code [0x0000000108a9bfa0, 0x0000000108a9c0d8]
Event: 1636.844 Thread 0x00007ffeb2855000 6181       4       java.lang.Class::getClassLoader (28 bytes)
Event: 1636.846 Thread 0x00007ffeb2855000 nmethod 6181 0x0000000108e5bc10 code [0x0000000108e5bd60, 0x0000000108e5be08]
Event: 1636.846 Thread 0x00007ffeb2855000 6152       4       java.util.LinkedHashMap$LinkedValueIterator::next (8 bytes)
Event: 1636.847 Thread 0x00007ffeb3830000 6182       3       java.lang.Character::isBmpCodePoint (13 bytes)
Event: 1636.847 Thread 0x00007ffeb3830000 nmethod 6182 0x00000001084fc410 code [0x00000001084fc580, 0x00000001084fc710]
Event: 1636.848 Thread 0x00007ffeb2855000 nmethod 6152 0x0000000108b39dd0 code [0x0000000108b39f20, 0x0000000108b39ff8]

GC Heap History (10 events):
Event: 9.271 GC heap before
{Heap before GC invocations=12 (full 2):
 PSYoungGen      total 124928K, used 6635K [0x00000007aab00000, 0x00000007b5980000, 0x00000007c0000000)
  eden space 118272K, 0% used [0x00000007aab00000,0x00000007aab00000,0x00000007b1e80000)
  from space 6656K, 99% used [0x00000007b2d80000,0x00000007b33faf70,0x00000007b3400000)
  to   space 15360K, 0% used [0x00000007b1e80000,0x00000007b1e80000,0x00000007b2d80000)
 ParOldGen       total 40960K, used 29098K [0x0000000780000000, 0x0000000782800000, 0x00000007aab00000)
  object space 40960K, 71% used [0x0000000780000000,0x0000000781c6aa98,0x0000000782800000)
 Metaspace       used 34315K, capacity 35338K, committed 35416K, reserved 1079296K
  class space    used 4750K, capacity 5106K, committed 5120K, reserved 1048576K
Event: 9.438 GC heap after
Heap after GC invocations=12 (full 2):
 PSYoungGen      total 124928K, used 0K [0x00000007aab00000, 0x00000007b5980000, 0x00000007c0000000)
  eden space 118272K, 0% used [0x00000007aab00000,0x00000007aab00000,0x00000007b1e80000)
  from space 6656K, 0% used [0x00000007b2d80000,0x00000007b2d80000,0x00000007b3400000)
  to   space 15360K, 0% used [0x00000007b1e80000,0x00000007b1e80000,0x00000007b2d80000)
 ParOldGen       total 76800K, used 27143K [0x0000000780000000, 0x0000000784b00000, 0x00000007aab00000)
  object space 76800K, 35% used [0x0000000780000000,0x0000000781a81cd8,0x0000000784b00000)
 Metaspace       used 34315K, capacity 35338K, committed 35416K, reserved 1079296K
  class space    used 4750K, capacity 5106K, committed 5120K, reserved 1048576K
}
Event: 12.784 GC heap before
{Heap before GC invocations=13 (full 2):
 PSYoungGen      total 124928K, used 118272K [0x00000007aab00000, 0x00000007b5980000, 0x00000007c0000000)
  eden space 118272K, 100% used [0x00000007aab00000,0x00000007b1e80000,0x00000007b1e80000)
  from space 6656K, 0% used [0x00000007b2d80000,0x00000007b2d80000,0x00000007b3400000)
  to   space 15360K, 0% used [0x00000007b1e80000,0x00000007b1e80000,0x00000007b2d80000)
 ParOldGen       total 76800K, used 27143K [0x0000000780000000, 0x0000000784b00000, 0x00000007aab00000)
  object space 76800K, 35% used [0x0000000780000000,0x0000000781a81cd8,0x0000000784b00000)
 Metaspace       used 37767K, capacity 38922K, committed 39040K, reserved 1083392K
  class space    used 5291K, capacity 5752K, committed 5760K, reserved 1048576K
Event: 12.800 GC heap after
Heap after GC invocations=13 (full 2):
 PSYoungGen      total 133632K, used 11318K [0x00000007aab00000, 0x00000007b5580000, 0x00000007c0000000)
  eden space 118272K, 0% used [0x00000007aab00000,0x00000007aab00000,0x00000007b1e80000)
  from space 15360K, 73% used [0x00000007b1e80000,0x00000007b298da88,0x00000007b2d80000)
  to   space 15872K, 0% used [0x00000007b4600000,0x00000007b4600000,0x00000007b5580000)
 ParOldGen       total 76800K, used 27151K [0x0000000780000000, 0x0000000784b00000, 0x00000007aab00000)
  object space 76800K, 35% used [0x0000000780000000,0x0000000781a83cd8,0x0000000784b00000)
 Metaspace       used 37767K, capacity 38922K, committed 39040K, reserved 1083392K
  class space    used 5291K, capacity 5752K, committed 5760K, reserved 1048576K
}
Event: 21.152 GC heap before
{Heap before GC invocations=14 (full 2):
 PSYoungGen      total 133632K, used 129590K [0x00000007aab00000, 0x00000007b5580000, 0x00000007c0000000)
  eden space 118272K, 100% used [0x00000007aab00000,0x00000007b1e80000,0x00000007b1e80000)
  from space 15360K, 73% used [0x00000007b1e80000,0x00000007b298da88,0x00000007b2d80000)
  to   space 15872K, 0% used [0x00000007b4600000,0x00000007b4600000,0x00000007b5580000)
 ParOldGen       total 76800K, used 27151K [0x0000000780000000, 0x0000000784b00000, 0x00000007aab00000)
  object space 76800K, 35% used [0x0000000780000000,0x0000000781a83cd8,0x0000000784b00000)
 Metaspace       used 45648K, capacity 47130K, committed 47360K, reserved 1089536K
  class space    used 6269K, capacity 6873K, committed 6912K, reserved 1048576K
Event: 21.185 GC heap after
Heap after GC invocations=14 (full 2):
 PSYoungGen      total 153600K, used 15871K [0x00000007aab00000, 0x00000007b5c80000, 0x00000007c0000000)
  eden space 137728K, 0% used [0x00000007aab00000,0x00000007aab00000,0x00000007b3180000)
  from space 15872K, 99% used [0x00000007b4600000,0x00000007b557ff18,0x00000007b5580000)
  to   space 20992K, 0% used [0x00000007b3180000,0x00000007b3180000,0x00000007b4600000)
 ParOldGen       total 76800K, used 33880K [0x0000000780000000, 0x0000000784b00000, 0x00000007aab00000)
  object space 76800K, 44% used [0x0000000780000000,0x00000007821163c8,0x0000000784b00000)
 Metaspace       used 45648K, capacity 47130K, committed 47360K, reserved 1089536K
  class space    used 6269K, capacity 6873K, committed 6912K, reserved 1048576K
}
Event: 22.518 GC heap before
{Heap before GC invocations=15 (full 2):
 PSYoungGen      total 153600K, used 42513K [0x00000007aab00000, 0x00000007b5c80000, 0x00000007c0000000)
  eden space 137728K, 19% used [0x00000007aab00000,0x00000007ac5044e8,0x00000007b3180000)
  from space 15872K, 99% used [0x00000007b4600000,0x00000007b557ff18,0x00000007b5580000)
  to   space 20992K, 0% used [0x00000007b3180000,0x00000007b3180000,0x00000007b4600000)
 ParOldGen       total 76800K, used 33880K [0x0000000780000000, 0x0000000784b00000, 0x00000007aab00000)
  object space 76800K, 44% used [0x0000000780000000,0x00000007821163c8,0x0000000784b00000)
 Metaspace       used 46635K, capacity 48096K, committed 48256K, reserved 1091584K
  class space    used 6415K, capacity 7003K, committed 7040K, reserved 1048576K
Event: 22.540 GC heap after
Heap after GC invocations=15 (full 2):
 PSYoungGen      total 158720K, used 16863K [0x00000007aab00000, 0x00000007b5f80000, 0x00000007c0000000)
  eden space 137728K, 0% used [0x00000007aab00000,0x00000007aab00000,0x00000007b3180000)
  from space 20992K, 80% used [0x00000007b3180000,0x00000007b41f7da8,0x00000007b4600000)
  to   space 22528K, 0% used [0x00000007b4980000,0x00000007b4980000,0x00000007b5f80000)
 ParOldGen       total 76800K, used 33888K [0x0000000780000000, 0x0000000784b00000, 0x00000007aab00000)
  object space 76800K, 44% used [0x0000000780000000,0x00000007821183c8,0x0000000784b00000)
 Metaspace       used 46635K, capacity 48096K, committed 48256K, reserved 1091584K
  class space    used 6415K, capacity 7003K, committed 7040K, reserved 1048576K
}
Event: 22.540 GC heap before
{Heap before GC invocations=16 (full 3):
 PSYoungGen      total 158720K, used 16863K [0x00000007aab00000, 0x00000007b5f80000, 0x00000007c0000000)
  eden space 137728K, 0% used [0x00000007aab00000,0x00000007aab00000,0x00000007b3180000)
  from space 20992K, 80% used [0x00000007b3180000,0x00000007b41f7da8,0x00000007b4600000)
  to   space 22528K, 0% used [0x00000007b4980000,0x00000007b4980000,0x00000007b5f80000)
 ParOldGen       total 76800K, used 33888K [0x0000000780000000, 0x0000000784b00000, 0x00000007aab00000)
  object space 76800K, 44% used [0x0000000780000000,0x00000007821183c8,0x0000000784b00000)
 Metaspace       used 46635K, capacity 48096K, committed 48256K, reserved 1091584K
  class space    used 6415K, capacity 7003K, committed 7040K, reserved 1048576K
Event: 22.914 GC heap after
Heap after GC invocations=16 (full 3):
 PSYoungGen      total 158720K, used 0K [0x00000007aab00000, 0x00000007b5f80000, 0x00000007c0000000)
  eden space 137728K, 0% used [0x00000007aab00000,0x00000007aab00000,0x00000007b3180000)
  from space 20992K, 0% used [0x00000007b3180000,0x00000007b3180000,0x00000007b4600000)
  to   space 22528K, 0% used [0x00000007b4980000,0x00000007b4980000,0x00000007b5f80000)
 ParOldGen       total 76800K, used 44341K [0x0000000780000000, 0x0000000784b00000, 0x00000007aab00000)
  object space 76800K, 57% used [0x0000000780000000,0x0000000782b4d568,0x0000000784b00000)
 Metaspace       used 46635K, capacity 48096K, committed 48256K, reserved 1091584K
  class space    used 6415K, capacity 7003K, committed 7040K, reserved 1048576K
}

Deoptimization events (10 events):
Event: 21.019 Thread 0x00007ffeb2330800 Uncommon trap: reason=class_check action=maybe_recompile pc=0x00000001085d571c method=java.io.DataInputStream.readUnsignedShort()I @ 4
Event: 21.019 Thread 0x00007ffeb2330800 Uncommon trap: reason=class_check action=maybe_recompile pc=0x00000001085d571c method=java.io.DataInputStream.readUnsignedShort()I @ 4
Event: 21.104 Thread 0x00007ffeb2330800 Uncommon trap: reason=bimorphic action=maybe_recompile pc=0x0000000108bf352c method=java.util.Hashtable.put(Ljava/lang/Object;Ljava/lang/Object;)Ljava/lang/Object; @ 18
Event: 21.104 Thread 0x00007ffeb2330800 Uncommon trap: reason=bimorphic action=maybe_recompile pc=0x0000000108bf352c method=java.util.Hashtable.put(Ljava/lang/Object;Ljava/lang/Object;)Ljava/lang/Object; @ 18
Event: 21.104 Thread 0x00007ffeb2330800 Uncommon trap: reason=bimorphic action=maybe_recompile pc=0x0000000108bf352c method=java.util.Hashtable.put(Ljava/lang/Object;Ljava/lang/Object;)Ljava/lang/Object; @ 18
Event: 21.104 Thread 0x00007ffeb2330800 Uncommon trap: reason=bimorphic action=maybe_recompile pc=0x0000000108bf352c method=java.util.Hashtable.put(Ljava/lang/Object;Ljava/lang/Object;)Ljava/lang/Object; @ 18
Event: 21.137 Thread 0x00007ffeb2330800 Uncommon trap: reason=unreached action=reinterpret pc=0x0000000108933574 method=java.util.jar.JarFile$JarFileEntry.getCodeSigners()[Ljava/security/CodeSigner; @ 24
Event: 21.137 Thread 0x00007ffeb2330800 Uncommon trap: reason=unreached action=reinterpret pc=0x0000000108931adc method=java.security.CodeSource.<init>(Ljava/net/URL;[Ljava/security/CodeSigner;)V @ 25
Event: 21.139 Thread 0x00007ffeb2330800 Uncommon trap: reason=unreached action=reinterpret pc=0x0000000108932048 method=java.security.CodeSource.matchCerts(Ljava/security/CodeSource;Z)Z @ 11
Event: 21.216 Thread 0x00007ffeb2330800 Uncommon trap: reason=unreached action=reinterpret pc=0x00000001089325b8 method=java.security.CodeSource.matchCerts(Ljava/security/CodeSource;Z)Z @ 11

Internal exceptions (10 events):
Event: 22.954 Thread 0x00007ffeb3170000 Exception <a 'java/security/PrivilegedActionException'> (0x00000007aafa5bd0) thrown at [/Users/java_re/workspace/8-2-build-macosx-x86_64/jdk8u31/2394/hotspot/src/share/vm/prims/jvm.cpp, line 1312]
Event: 22.954 Thread 0x00007ffeb3170000 Exception <a 'java/security/PrivilegedActionException'> (0x00000007aafa6338) thrown at [/Users/java_re/workspace/8-2-build-macosx-x86_64/jdk8u31/2394/hotspot/src/share/vm/prims/jvm.cpp, line 1312]
Event: 22.956 Thread 0x00007ffeb3170000 Exception <a 'java/lang/NoSuchMethodError': <clinit>> (0x00000007aafaccd8) thrown at [/Users/java_re/workspace/8-2-build-macosx-x86_64/jdk8u31/2394/hotspot/src/share/vm/prims/jni.cpp, line 1603]
Event: 1636.636 Thread 0x00007ffeb513c800 Exception <a 'java/security/PrivilegedActionException'> (0x00000007ab21bca8) thrown at [/Users/java_re/workspace/8-2-build-macosx-x86_64/jdk8u31/2394/hotspot/src/share/vm/prims/jvm.cpp, line 1312]
Event: 1636.636 Thread 0x00007ffeb513c800 Exception <a 'java/security/PrivilegedActionException'> (0x00000007ab21c678) thrown at [/Users/java_re/workspace/8-2-build-macosx-x86_64/jdk8u31/2394/hotspot/src/share/vm/prims/jvm.cpp, line 1312]
Event: 1636.637 Thread 0x00007ffeb513c800 Exception <a 'java/security/PrivilegedActionException'> (0x00000007ab2205a8) thrown at [/Users/java_re/workspace/8-2-build-macosx-x86_64/jdk8u31/2394/hotspot/src/share/vm/prims/jvm.cpp, line 1312]
Event: 1636.656 Thread 0x00007ffeb53e1000 Exception <a 'java/security/PrivilegedActionException'> (0x00000007ab15d998) thrown at [/Users/java_re/workspace/8-2-build-macosx-x86_64/jdk8u31/2394/hotspot/src/share/vm/prims/jvm.cpp, line 1312]
Event: 1636.657 Thread 0x00007ffeb53e1000 Exception <a 'java/security/PrivilegedActionException'> (0x00000007ab15e458) thrown at [/Users/java_re/workspace/8-2-build-macosx-x86_64/jdk8u31/2394/hotspot/src/share/vm/prims/jvm.cpp, line 1312]
Event: 1636.657 Thread 0x00007ffeb53e1000 Exception <a 'java/security/PrivilegedActionException'> (0x00000007ab1600f8) thrown at [/Users/java_re/workspace/8-2-build-macosx-x86_64/jdk8u31/2394/hotspot/src/share/vm/prims/jvm.cpp, line 1312]
Event: 1636.861 Thread 0x00007ffeb505a800 Exception <a 'java/security/PrivilegedActionException'> (0x00000007ab8b2010) thrown at [/Users/java_re/workspace/8-2-build-macosx-x86_64/jdk8u31/2394/hotspot/src/share/vm/prims/jvm.cpp, line 1312]

Events (10 events):
Event: 1636.760 Thread 0x00007ffeb3830000 flushing nmethod 0x00000001083e3fd0
Event: 1636.760 Thread 0x00007ffeb3830000 flushing nmethod 0x000000010840cf10
Event: 1636.761 Thread 0x00007ffeb3830000 flushing nmethod 0x000000010847eed0
Event: 1636.768 Thread 0x00007ffeb3830000 flushing nmethod 0x00000001085c6150
Event: 1636.768 Thread 0x00007ffeb3830000 flushing nmethod 0x00000001085d1bd0
Event: 1636.787 Thread 0x00007ffeb3830000 flushing nmethod 0x0000000108929090
Event: 1636.840 Executing VM operation: RevokeBias
Event: 1636.840 Executing VM operation: RevokeBias done
Event: 1636.861 loading class asLocalRepo1_89w2ns4xncl9alwuh1epcrkju
Event: 1636.861 loading class asLocalRepo1_89w2ns4xncl9alwuh1epcrkju done


Dynamic libraries:
0x00000000089ef000 	/System/Library/Frameworks/Cocoa.framework/Versions/A/Cocoa
0x00000000089ef000 	/System/Library/Frameworks/Security.framework/Versions/A/Security
0x00000000089ef000 	/System/Library/Frameworks/ApplicationServices.framework/Versions/A/ApplicationServices
0x00000000089ef000 	/usr/lib/libz.1.dylib
0x00000000089ef000 	/usr/lib/libSystem.B.dylib
0x00000000089ef000 	/usr/lib/libobjc.A.dylib
0x00000000089ef000 	/System/Library/Frameworks/CoreFoundation.framework/Versions/A/CoreFoundation
0x00000000089ef000 	/System/Library/Frameworks/Foundation.framework/Versions/C/Foundation
0x00000000089ef000 	/System/Library/Frameworks/AppKit.framework/Versions/C/AppKit
0x00000000089ef000 	/System/Library/Frameworks/CoreData.framework/Versions/A/CoreData
0x00000000089ef000 	/System/Library/PrivateFrameworks/RemoteViewServices.framework/Versions/A/RemoteViewServices
0x00000000089ef000 	/System/Library/PrivateFrameworks/UIFoundation.framework/Versions/A/UIFoundation
0x00000000089ef000 	/System/Library/Frameworks/IOSurface.framework/Versions/A/IOSurface
0x00000000089ef000 	/System/Library/Frameworks/AudioToolbox.framework/Versions/A/AudioToolbox
0x00000000089ef000 	/System/Library/Frameworks/AudioUnit.framework/Versions/A/AudioUnit
0x00000000089ef000 	/System/Library/PrivateFrameworks/DataDetectorsCore.framework/Versions/A/DataDetectorsCore
0x00000000089ef000 	/System/Library/PrivateFrameworks/DesktopServicesPriv.framework/Versions/A/DesktopServicesPriv
0x00000000089ef000 	/System/Library/Frameworks/Carbon.framework/Versions/A/Frameworks/HIToolbox.framework/Versions/A/HIToolbox
0x00000000089ef000 	/System/Library/Frameworks/QuartzCore.framework/Versions/A/QuartzCore
0x00000000089ef000 	/System/Library/Frameworks/Carbon.framework/Versions/A/Frameworks/SpeechRecognition.framework/Versions/A/SpeechRecognition
0x00000000089ef000 	/usr/lib/libauto.dylib
0x00000000089ef000 	/usr/lib/libicucore.A.dylib
0x00000000089ef000 	/usr/lib/libxml2.2.dylib
0x00000000089ef000 	/System/Library/PrivateFrameworks/CoreUI.framework/Versions/A/CoreUI
0x00000000089ef000 	/System/Library/Frameworks/CoreAudio.framework/Versions/A/CoreAudio
0x00000000089ef000 	/System/Library/Frameworks/DiskArbitration.framework/Versions/A/DiskArbitration
0x00000000089ef000 	/usr/lib/liblangid.dylib
0x00000000089ef000 	/System/Library/PrivateFrameworks/MultitouchSupport.framework/Versions/A/MultitouchSupport
0x00000000089ef000 	/System/Library/Frameworks/IOKit.framework/Versions/A/IOKit
0x00000000089ef000 	/usr/lib/libDiagnosticMessagesClient.dylib
0x00000000089ef000 	/System/Library/Frameworks/CoreServices.framework/Versions/A/CoreServices
0x00000000089ef000 	/System/Library/PrivateFrameworks/PerformanceAnalysis.framework/Versions/A/PerformanceAnalysis
0x00000000089ef000 	/System/Library/PrivateFrameworks/GenerationalStorage.framework/Versions/A/GenerationalStorage
0x00000000089ef000 	/System/Library/Frameworks/OpenGL.framework/Versions/A/OpenGL
0x00000000089ef000 	/System/Library/PrivateFrameworks/Sharing.framework/Versions/A/Sharing
0x00000000089ef000 	/System/Library/Frameworks/CoreGraphics.framework/Versions/A/CoreGraphics
0x00000000089ef000 	/System/Library/Frameworks/CoreText.framework/Versions/A/CoreText
0x00000000089ef000 	/System/Library/Frameworks/ImageIO.framework/Versions/A/ImageIO
0x00000000089ef000 	/usr/lib/libextension.dylib
0x00000000089ef000 	/System/Library/PrivateFrameworks/Backup.framework/Versions/A/Backup
0x00000000089ef000 	/usr/lib/libarchive.2.dylib
0x00000000089ef000 	/System/Library/Frameworks/CFNetwork.framework/Versions/A/CFNetwork
0x00000000089ef000 	/System/Library/Frameworks/SystemConfiguration.framework/Versions/A/SystemConfiguration
0x00000000089ef000 	/usr/lib/libCRFSuite.dylib
0x00000000089ef000 	/usr/lib/libc++.1.dylib
0x00000000089ef000 	/usr/lib/libc++abi.dylib
0x00000000089ef000 	/usr/lib/system/libcache.dylib
0x00000000089ef000 	/usr/lib/system/libcommonCrypto.dylib
0x00000000089ef000 	/usr/lib/system/libcompiler_rt.dylib
0x00000000089ef000 	/usr/lib/system/libcopyfile.dylib
0x00000000089ef000 	/usr/lib/system/libcorecrypto.dylib
0x00000000089ef000 	/usr/lib/system/libdispatch.dylib
0x00000000089ef000 	/usr/lib/system/libdyld.dylib
0x00000000089ef000 	/usr/lib/system/libkeymgr.dylib
0x00000000089ef000 	/usr/lib/system/liblaunch.dylib
0x00000000089ef000 	/usr/lib/system/libmacho.dylib
0x00000000089ef000 	/usr/lib/system/libquarantine.dylib
0x00000000089ef000 	/usr/lib/system/libremovefile.dylib
0x00000000089ef000 	/usr/lib/system/libsystem_asl.dylib
0x00000000089ef000 	/usr/lib/system/libsystem_blocks.dylib
0x00000000089ef000 	/usr/lib/system/libsystem_c.dylib
0x00000000089ef000 	/usr/lib/system/libsystem_configuration.dylib
0x00000000089ef000 	/usr/lib/system/libsystem_coreservices.dylib
0x00000000089ef000 	/usr/lib/system/libsystem_coretls.dylib
0x00000000089ef000 	/usr/lib/system/libsystem_dnssd.dylib
0x00000000089ef000 	/usr/lib/system/libsystem_info.dylib
0x00000000089ef000 	/usr/lib/system/libsystem_kernel.dylib
0x00000000089ef000 	/usr/lib/system/libsystem_m.dylib
0x00000000089ef000 	/usr/lib/system/libsystem_malloc.dylib
0x00000000089ef000 	/usr/lib/system/libsystem_network.dylib
0x00000000089ef000 	/usr/lib/system/libsystem_networkextension.dylib
0x00000000089ef000 	/usr/lib/system/libsystem_notify.dylib
0x00000000089ef000 	/usr/lib/system/libsystem_platform.dylib
0x00000000089ef000 	/usr/lib/system/libsystem_pthread.dylib
0x00000000089ef000 	/usr/lib/system/libsystem_sandbox.dylib
0x00000000089ef000 	/usr/lib/system/libsystem_secinit.dylib
0x00000000089ef000 	/usr/lib/system/libsystem_stats.dylib
0x00000000089ef000 	/usr/lib/system/libsystem_trace.dylib
0x00000000089ef000 	/usr/lib/system/libunc.dylib
0x00000000089ef000 	/usr/lib/system/libunwind.dylib
0x00000000089ef000 	/usr/lib/system/libxpc.dylib
0x00000000089ef000 	/usr/lib/libbz2.1.0.dylib
0x00000000089ef000 	/usr/lib/liblzma.5.dylib
0x00000000089ef000 	/usr/lib/libbsm.0.dylib
0x00000000089ef000 	/usr/lib/libsqlite3.dylib
0x00000000089ef000 	/usr/lib/system/libkxld.dylib
0x00000000089ef000 	/usr/lib/libxar.1.dylib
0x00000000089ef000 	/usr/lib/libpam.2.dylib
0x00000000089ef000 	/usr/lib/libOpenScriptingUtil.dylib
0x00000000089ef000 	/System/Library/Frameworks/CoreServices.framework/Versions/A/Frameworks/FSEvents.framework/Versions/A/FSEvents
0x00000000089ef000 	/System/Library/Frameworks/CoreServices.framework/Versions/A/Frameworks/CarbonCore.framework/Versions/A/CarbonCore
0x00000000089ef000 	/System/Library/Frameworks/CoreServices.framework/Versions/A/Frameworks/Metadata.framework/Versions/A/Metadata
0x00000000089ef000 	/System/Library/Frameworks/CoreServices.framework/Versions/A/Frameworks/OSServices.framework/Versions/A/OSServices
0x00000000089ef000 	/System/Library/Frameworks/CoreServices.framework/Versions/A/Frameworks/SearchKit.framework/Versions/A/SearchKit
0x00000000089ef000 	/System/Library/Frameworks/CoreServices.framework/Versions/A/Frameworks/AE.framework/Versions/A/AE
0x00000000089ef000 	/System/Library/Frameworks/CoreServices.framework/Versions/A/Frameworks/LaunchServices.framework/Versions/A/LaunchServices
0x00000000089ef000 	/System/Library/Frameworks/CoreServices.framework/Versions/A/Frameworks/DictionaryServices.framework/Versions/A/DictionaryServices
0x00000000089ef000 	/System/Library/Frameworks/NetFS.framework/Versions/A/NetFS
0x00000000089ef000 	/System/Library/PrivateFrameworks/NetAuth.framework/Versions/A/NetAuth
0x00000000089ef000 	/System/Library/PrivateFrameworks/login.framework/Versions/A/Frameworks/loginsupport.framework/Versions/A/loginsupport
0x00000000089ef000 	/System/Library/PrivateFrameworks/TCC.framework/Versions/A/TCC
0x00000000089ef000 	/usr/lib/libmecabra.dylib
0x00000000089ef000 	/System/Library/Frameworks/ApplicationServices.framework/Versions/A/Frameworks/ATS.framework/Versions/A/ATS
0x00000000089ef000 	/System/Library/Frameworks/ApplicationServices.framework/Versions/A/Frameworks/ColorSync.framework/Versions/A/ColorSync
0x00000000089ef000 	/System/Library/Frameworks/ApplicationServices.framework/Versions/A/Frameworks/HIServices.framework/Versions/A/HIServices
0x00000000089ef000 	/System/Library/Frameworks/ApplicationServices.framework/Versions/A/Frameworks/LangAnalysis.framework/Versions/A/LangAnalysis
0x00000000089ef000 	/System/Library/Frameworks/ApplicationServices.framework/Versions/A/Frameworks/PrintCore.framework/Versions/A/PrintCore
0x00000000089ef000 	/System/Library/Frameworks/ApplicationServices.framework/Versions/A/Frameworks/QD.framework/Versions/A/QD
0x00000000089ef000 	/System/Library/Frameworks/ApplicationServices.framework/Versions/A/Frameworks/SpeechSynthesis.framework/Versions/A/SpeechSynthesis
0x00000000089ef000 	/System/Library/Frameworks/Accelerate.framework/Versions/A/Accelerate
0x00000000089ef000 	/System/Library/Frameworks/Accelerate.framework/Versions/A/Frameworks/vImage.framework/Versions/A/vImage
0x00000000089ef000 	/System/Library/Frameworks/Accelerate.framework/Versions/A/Frameworks/vecLib.framework/Versions/A/vecLib
0x00000000089ef000 	/System/Library/Frameworks/Accelerate.framework/Versions/A/Frameworks/vecLib.framework/Versions/A/libvDSP.dylib
0x00000000089ef000 	/System/Library/Frameworks/Accelerate.framework/Versions/A/Frameworks/vecLib.framework/Versions/A/libvMisc.dylib
0x00000000089ef000 	/System/Library/Frameworks/Accelerate.framework/Versions/A/Frameworks/vecLib.framework/Versions/A/libLAPACK.dylib
0x00000000089ef000 	/System/Library/Frameworks/Accelerate.framework/Versions/A/Frameworks/vecLib.framework/Versions/A/libBLAS.dylib
0x00000000089ef000 	/System/Library/Frameworks/Accelerate.framework/Versions/A/Frameworks/vecLib.framework/Versions/A/libLinearAlgebra.dylib
0x00000000089ef000 	/System/Library/Frameworks/ApplicationServices.framework/Versions/A/Frameworks/ATS.framework/Versions/A/Resources/libFontParser.dylib
0x00000000089ef000 	/System/Library/Frameworks/ApplicationServices.framework/Versions/A/Frameworks/ATS.framework/Versions/A/Resources/libFontRegistry.dylib
0x00000000089ef000 	/System/Library/PrivateFrameworks/AppleVPA.framework/Versions/A/AppleVPA
0x00000000089ef000 	/System/Library/PrivateFrameworks/AppleJPEG.framework/Versions/A/AppleJPEG
0x00000000089ef000 	/System/Library/Frameworks/ImageIO.framework/Versions/A/Resources/libJPEG.dylib
0x00000000089ef000 	/System/Library/Frameworks/ImageIO.framework/Versions/A/Resources/libTIFF.dylib
0x00000000089ef000 	/System/Library/Frameworks/ImageIO.framework/Versions/A/Resources/libPng.dylib
0x00000000089ef000 	/System/Library/Frameworks/ImageIO.framework/Versions/A/Resources/libGIF.dylib
0x00000000089ef000 	/System/Library/Frameworks/ImageIO.framework/Versions/A/Resources/libJP2.dylib
0x00000000089ef000 	/System/Library/Frameworks/ImageIO.framework/Versions/A/Resources/libRadiance.dylib
0x00000000089ef000 	/System/Library/Frameworks/CoreVideo.framework/Versions/A/CoreVideo
0x00000000089ef000 	/System/Library/Frameworks/OpenGL.framework/Versions/A/Libraries/libGLU.dylib
0x00000000089ef000 	/System/Library/Frameworks/OpenGL.framework/Versions/A/Libraries/libGFXShared.dylib
0x00000000089ef000 	/System/Library/Frameworks/OpenGL.framework/Versions/A/Libraries/libGL.dylib
0x00000000089ef000 	/System/Library/Frameworks/OpenGL.framework/Versions/A/Libraries/libGLImage.dylib
0x00000000089ef000 	/System/Library/Frameworks/OpenGL.framework/Versions/A/Libraries/libCVMSPluginSupport.dylib
0x00000000089ef000 	/System/Library/Frameworks/OpenGL.framework/Versions/A/Libraries/libCoreVMClient.dylib
0x00000000089ef000 	/usr/lib/libcups.2.dylib
0x00000000089ef000 	/System/Library/Frameworks/Kerberos.framework/Versions/A/Kerberos
0x00000000089ef000 	/System/Library/Frameworks/GSS.framework/Versions/A/GSS
0x00000000089ef000 	/usr/lib/libresolv.9.dylib
0x00000000089ef000 	/usr/lib/libiconv.2.dylib
0x00000000089ef000 	/System/Library/PrivateFrameworks/Heimdal.framework/Versions/A/Heimdal
0x00000000089ef000 	/usr/lib/libheimdal-asn1.dylib
0x00000000089ef000 	/System/Library/Frameworks/OpenDirectory.framework/Versions/A/OpenDirectory
0x00000000089ef000 	/System/Library/PrivateFrameworks/CommonAuth.framework/Versions/A/CommonAuth
0x00000000089ef000 	/System/Library/Frameworks/OpenDirectory.framework/Versions/A/Frameworks/CFOpenDirectory.framework/Versions/A/CFOpenDirectory
0x00000000089ef000 	/System/Library/Frameworks/SecurityFoundation.framework/Versions/A/SecurityFoundation
0x00000000089ef000 	/System/Library/PrivateFrameworks/LanguageModeling.framework/Versions/A/LanguageModeling
0x00000000089ef000 	/usr/lib/libcmph.dylib
0x00000000089ef000 	/System/Library/Frameworks/ServiceManagement.framework/Versions/A/ServiceManagement
0x00000000089ef000 	/usr/lib/libxslt.1.dylib
0x00000000089ef000 	/System/Library/Frameworks/Carbon.framework/Versions/A/Frameworks/Ink.framework/Versions/A/Ink
0x00000000089ef000 	/System/Library/Frameworks/QuartzCore.framework/Versions/A/Frameworks/CoreImage.framework/Versions/A/CoreImage
0x00000000089ef000 	/System/Library/PrivateFrameworks/CrashReporterSupport.framework/Versions/A/CrashReporterSupport
0x00000000089ef000 	/System/Library/Frameworks/OpenCL.framework/Versions/A/OpenCL
0x00000000089ef000 	/System/Library/PrivateFrameworks/FaceCore.framework/Versions/A/FaceCore
0x00000000089ef000 	/System/Library/PrivateFrameworks/Ubiquity.framework/Versions/A/Ubiquity
0x00000000089ef000 	/System/Library/PrivateFrameworks/IconServices.framework/Versions/A/IconServices
0x00000000089ef000 	/System/Library/PrivateFrameworks/ChunkingLibrary.framework/Versions/A/ChunkingLibrary
0x00000000089ef000 	/System/Library/PrivateFrameworks/Apple80211.framework/Versions/A/Apple80211
0x00000000089ef000 	/System/Library/Frameworks/CoreWLAN.framework/Versions/A/CoreWLAN
0x00000000089ef000 	/System/Library/Frameworks/IOBluetooth.framework/Versions/A/IOBluetooth
0x00000000089ef000 	/System/Library/PrivateFrameworks/CoreWiFi.framework/Versions/A/CoreWiFi
0x00000000089ef000 	/System/Library/Frameworks/CoreBluetooth.framework/Versions/A/CoreBluetooth
0x00000000089ef000 	/System/Library/PrivateFrameworks/DebugSymbols.framework/Versions/A/DebugSymbols
0x00000000089ef000 	/System/Library/PrivateFrameworks/CoreSymbolication.framework/Versions/A/CoreSymbolication
0x00000000089ef000 	/System/Library/PrivateFrameworks/Symbolication.framework/Versions/A/Symbolication
0x00000000089ef000 	/System/Library/PrivateFrameworks/SpeechRecognitionCore.framework/Versions/A/SpeechRecognitionCore
0x0000000107200000 	/Library/Java/JavaVirtualMachines/jdk1.8.0_31.jdk/Contents/Home/jre/lib/server/libjvm.dylib
0x00000000089ef000 	/usr/lib/libstdc++.6.dylib
0x0000000106929000 	/Library/Java/JavaVirtualMachines/jdk1.8.0_31.jdk/Contents/Home/jre/lib/libverify.dylib
0x0000000106937000 	/Library/Java/JavaVirtualMachines/jdk1.8.0_31.jdk/Contents/Home/jre/lib/libjava.dylib
0x0000000106975000 	/Library/Java/JavaVirtualMachines/jdk1.8.0_31.jdk/Contents/Home/jre/lib/libzip.dylib
0x000000011bcb2000 	/System/Library/Frameworks/JavaVM.framework/Frameworks/JavaRuntimeSupport.framework/JavaRuntimeSupport
0x000000011bcc8000 	/System/Library/Frameworks/JavaVM.framework/Versions/A/Frameworks/JavaNativeFoundation.framework/Versions/A/JavaNativeFoundation
0x000000011bcdc000 	/System/Library/Frameworks/JavaVM.framework/Versions/A/JavaVM
0x00000000089ef000 	/System/Library/Frameworks/Carbon.framework/Versions/A/Carbon
0x000000011bce8000 	/System/Library/PrivateFrameworks/JavaLaunching.framework/Versions/A/JavaLaunching
0x00000000089ef000 	/System/Library/Frameworks/Carbon.framework/Versions/A/Frameworks/CommonPanels.framework/Versions/A/CommonPanels
0x00000000089ef000 	/System/Library/Frameworks/Carbon.framework/Versions/A/Frameworks/Help.framework/Versions/A/Help
0x00000000089ef000 	/System/Library/Frameworks/Carbon.framework/Versions/A/Frameworks/ImageCapture.framework/Versions/A/ImageCapture
0x00000000089ef000 	/System/Library/Frameworks/Carbon.framework/Versions/A/Frameworks/OpenScripting.framework/Versions/A/OpenScripting
0x00000000089ef000 	/System/Library/Frameworks/Carbon.framework/Versions/A/Frameworks/Print.framework/Versions/A/Print
0x00000000089ef000 	/System/Library/Frameworks/Carbon.framework/Versions/A/Frameworks/SecurityHI.framework/Versions/A/SecurityHI
0x000000011e338000 	/private/var/folders/mf/029vqpys0lz3npy79zm8fydm0000gn/T/native-platform3797974222135033942dir/libnative-platform.dylib
0x000000011e33d000 	/Library/Java/JavaVirtualMachines/jdk1.8.0_31.jdk/Contents/Home/jre/lib/libnet.dylib
0x000000011e354000 	/Library/Java/JavaVirtualMachines/jdk1.8.0_31.jdk/Contents/Home/jre/lib/libnio.dylib

VM Arguments:
jvm_args: -XX:MaxPermSize=256m -XX:+HeapDumpOnOutOfMemoryError -Xmx1024m -Dfile.encoding=UTF-8 -Duser.country=US -Duser.language=en -Duser.variant 
java_command: org.gradle.launcher.daemon.bootstrap.GradleDaemon 2.2.1 /Users/fernandogarcia/.gradle/daemon 10800000 f8f9f498-2ee6-481e-95a2-53e5c0ebd28b -XX:MaxPermSize=256m -XX:+HeapDumpOnOutOfMemoryError -Xmx1024m -Dfile.encoding=UTF-8 -Duser.country=US -Duser.language=en -Duser.variant
java_class_path (initial): /Applications/Android Studio.app/Contents/gradle/gradle-2.2.1/lib/gradle-launcher-2.2.1.jar
Launcher Type: SUN_STANDARD

Environment Variables:
PATH=/usr/bin:/bin:/usr/sbin:/sbin
SHELL=/bin/bash

Signal Handlers:
SIGSEGV: [libjvm.dylib+0x57a0e7], sa_mask[0]=11111111011111110111111111111111, sa_flags=SA_ONSTACK|SA_RESTART|SA_SIGINFO
SIGBUS: [libjvm.dylib+0x57a0e7], sa_mask[0]=11111111011111110111111111111111, sa_flags=SA_RESTART|SA_SIGINFO
SIGFPE: [libjvm.dylib+0x45af24], sa_mask[0]=11111111011111110111111111111111, sa_flags=SA_RESTART|SA_SIGINFO
SIGPIPE: [libjvm.dylib+0x45af24], sa_mask[0]=11111111011111110111111111111111, sa_flags=SA_RESTART|SA_SIGINFO
SIGXFSZ: [libjvm.dylib+0x45af24], sa_mask[0]=11111111011111110111111111111111, sa_flags=SA_RESTART|SA_SIGINFO
SIGILL: [libjvm.dylib+0x45af24], sa_mask[0]=11111111011111110111111111111111, sa_flags=SA_RESTART|SA_SIGINFO
SIGUSR1: SIG_DFL, sa_mask[0]=00000000000000000000000000000000, sa_flags=none
SIGUSR2: [libjvm.dylib+0x45aa42], sa_mask[0]=00100000000000000000000000000000, sa_flags=SA_RESTART|SA_SIGINFO
SIGHUP: [libjvm.dylib+0x459015], sa_mask[0]=11111111011111110111111111111111, sa_flags=SA_RESTART|SA_SIGINFO
SIGINT: [libjvm.dylib+0x459015], sa_mask[0]=11111111011111110111111111111111, sa_flags=SA_RESTART|SA_SIGINFO
SIGTERM: [libjvm.dylib+0x459015], sa_mask[0]=11111111011111110111111111111111, sa_flags=SA_RESTART|SA_SIGINFO
SIGQUIT: [libjvm.dylib+0x459015], sa_mask[0]=11111111011111110111111111111111, sa_flags=SA_RESTART|SA_SIGINFO


---------------  S Y S T E M  ---------------

OS:Bsduname:Darwin 14.3.0 Darwin Kernel Version 14.3.0: Mon Mar 23 11:59:05 PDT 2015; root:xnu-2782.20.48~5/RELEASE_X86_64 x86_64
rlimit: STACK 8192k, CORE 0k, NPROC 709, NOFILE 10240, AS infinity
load average:2.68 2.41 2.45

CPU:total 4 (2 cores per cpu, 2 threads per core) family 6 model 58 stepping 9, cmov, cx8, fxsr, mmx, sse, sse2, sse3, ssse3, sse4.1, sse4.2, popcnt, avx, aes, clmul, erms, ht, tsc, tscinvbit, tscinv

Memory: 4k page, physical 4194304k(32132k free)

/proc/meminfo:


vm_info: Java HotSpot(TM) 64-Bit Server VM (25.31-b07) for bsd-amd64 JRE (1.8.0_31-b13), built on Dec 17 2014 20:45:36 by "java_re" with gcc 4.2.1 (Based on Apple Inc. build 5658) (LLVM build 2336.11.00)

time: Sun May 17 22:20:25 2015
elapsed time: 1636 seconds (0d 0h 27m 16s)

